<?xml version="1.0" encoding="UTF-8"?>
<testng-results ignored="0" total="1" passed="1" failed="0" skipped="0">
  <reporter-output>
  </reporter-output>
  <suite started-at="2022-02-18T15:56:35 IST" name="Default suite" finished-at="2022-02-18T15:56:47 IST" duration-ms="11656">
    <groups>
    </groups>
    <test started-at="2022-02-18T15:56:35 IST" name="Default test" finished-at="2022-02-18T15:56:47 IST" duration-ms="11656">
      <class name="sel.Fb">
        <test-method signature="nm()[pri:0, instance:sel.Fb@d6decf33]" started-at="2022-02-18T15:56:35 IST" name="nm" finished-at="2022-02-18T15:56:47 IST" duration-ms="11635" status="PASS">
          <reporter-output>
          </reporter-output>
        </test-method> <!-- nm -->
      </class> <!-- sel.Fb -->
    </test> <!-- Default test -->
  </suite> <!-- Default suite -->
</testng-results>
